
ROM used:   1950/8192 (24%)
            1950/8192 (24%) including unused fragments

            1.6 Average locations per line
            5.5 Average locations per statement

RAM used:   31/368 (8%) at main() level
            47/368 (13%) worst case

Stack used: 3 worst case (3 in main + 0 for interrupts)
Stack size: 8

Lines Stmts  %   Files
----- ----- ---  -----
  403   334  94  main.c
  768     0   0  C:\Program Files (x86)\PICC\Devices\16F887.h
   48    21   6  TV_LCD_4BIT.c
----- -----
 1219   355 Total

Page ROM  %  RAM   Vol Diff  Functions:
---- --- --- ---   --- ----  ----------
0     20   1    1  1884  8.8  @delay_ms1
0     45   2    1   285  1.9  lcd_write_4bit
0     15   1    2    70  1.6  lcd_comand
0     15   1    2    70  1.6  lcd_data
0     24   1    0   127  1.3  lcd_setup
0      8   0    0  1884  8.8  @const630
0      7   0    3   151  2.2  lcd_goto_xy
0     16   1    0  1884  8.8  @const633
 Inline         0   196  3.0  keyread
0    123   6    2  1105  8.5  key_4x3_dw
0     29   1    1   179  3.1  servo_dong
0     31   2    1   179  3.1  servo_mo
0     66   3    0   323  2.3  doc_ma_pin
0     42   2    5   204  4.2  tone
0   1131  58    2 10922  9.6  MAIN
0      9   0    0  1884  8.8  @const667
0     86   4    4  1884  8.8  @PSTRINGC7_624
0      9   0    0  1884  8.8  @const669
0      9   0    0             @const670
0      9   0    0             @const671
0      9   0    0  1884  8.8  @const672
0      9   0    0  1884  8.8  @const673
0      9   0    0             @const675
0      9   0    0             @const676
0      9   0    0  1884  8.8  @const678
0      9   0    0  1884  8.8  @const682
0      9   0    0  1884  8.8  @const683
0      9   0    0  1884  8.8  @const684
0      9   0    0   588  7.2  @const685
0      9   0    0  1884  8.8  @const686
0      9   0    0  1872  9.3  @const687
0      9   0    0  1884  8.8  @const688
0      9   0    0  1884  8.8  @const689
0      9   0    0  1884  8.8  @const690
0      9   0    0  1884  8.8  @const691
0      9   0    0  1884  8.8  @const694
0      9   0    0  2085  8.9  @const695
0      9   0    0  2704  7.4  @const699
0      9   0    0  2704  7.4  @const700
0      9   0    0  2146  8.8  @const702
0      9   0    0  1930  8.9  @const703
0      9   0    0             @const704
0      9   0    0  2146  8.8  @const705
0      9   0    0  2146  8.8  @const707
0      9   0    0             @const708
0      9   0    0             @const709
0      9   0    0             @const710
0      9   0    0             @const712
 Inline         0             @cinit1

Program metrics:
    Functions               39
    Statements              355
    Comments                132
    Volume (V)              110307
    Difficulty (D)          279.0
    Effort to implement (E) 30779101
    Time to implement (T)   474 hours, 59 minutes
    Est Delivered Bugs (B)  33
    Cyclomatic Complexity   290
    Maintainability (MI)    107

 Segment     Used  Free
-----------  ----  ----
00000-00003     4  0  
00004-007FF  1946  98  
00800-00FFF     0  2048  
01000-017FF     0  2048  
01800-01FFF     0  2048  



